mar. 04, 2024 4:46:56 P. M. inventario.model.Tienda <init>
INFO: Se creó una nueva instancia
mar. 04, 2024 4:46:56 P. M. inventario.model.Tienda leerProductos
WARNING: src\main\resources\archivos\productos.txt (El sistema no puede encontrar el archivo especificado)
mar. 04, 2024 4:49:40 P. M. inventario.model.Tienda <init>
INFO: Se creó una nueva instancia
mar. 04, 2024 4:49:40 P. M. inventario.model.Tienda leerProductos
WARNING: productos.txt (El sistema no puede encontrar el archivo especificado)
mar. 04, 2024 4:58:33 P. M. inventario.model.Tienda <init>
INFO: Se creó una nueva instancia
mar. 04, 2024 5:08:19 P. M. inventario.model.Tienda <init>
INFO: Se creó una nueva instancia
mar. 04, 2024 5:34:38 P. M. inventario.model.Tienda <init>
INFO: Se creó una nueva instancia
mar. 05, 2024 3:51:25 P. M. inventario.model.Tienda <init>
INFO: Se creó una nueva instancia
mar. 05, 2024 4:57:30 P. M. inventario.model.Tienda <init>
INFO: Se creó una nueva instancia
mar. 05, 2024 5:04:54 P. M. inventario.model.Tienda <init>
INFO: Se creó una nueva instancia
mar. 05, 2024 5:06:02 P. M. inventario.model.Tienda <init>
INFO: Se creó una nueva instancia
mar. 05, 2024 5:12:36 P. M. inventario.model.Tienda <init>
INFO: Se creó una nueva instancia
mar. 05, 2024 5:28:26 P. M. inventario.model.Tienda <init>
INFO: Se creó una nueva instancia
mar. 05, 2024 8:28:40 P. M. inventario.model.Tienda <init>
INFO: Se creó una nueva instancia
mar. 07, 2024 7:12:53 A. M. inventario.model.Tienda <init>
INFO: Se creó una nueva instancia
mar. 07, 2024 3:09:11 P. M. inventario.model.Tienda <init>
INFO: Se creó una nueva instancia
mar. 07, 2024 3:44:31 P. M. inventario.model.Tienda <init>
INFO: Se creó una nueva instancia
mar. 07, 2024 5:23:17 P. M. inventario.model.Tienda <init>
INFO: Se creó una nueva instancia
mar. 07, 2024 5:24:56 P. M. inventario.model.Tienda <init>
INFO: Se creó una nueva instancia
mar. 07, 2024 5:28:29 P. M. inventario.model.Tienda <init>
INFO: Se creó una nueva instancia
mar. 07, 2024 5:29:26 P. M. inventario.model.Tienda <init>
INFO: Se creó una nueva instancia
mar. 07, 2024 5:32:40 P. M. inventario.model.Tienda <init>
INFO: Se creó una nueva instancia
mar. 07, 2024 5:35:03 P. M. inventario.model.Tienda <init>
INFO: Se creó una nueva instancia
mar. 07, 2024 6:11:14 P. M. inventario.model.Tienda <init>
INFO: Se creó una nueva instancia
mar. 08, 2024 4:11:05 P. M. inventario.model.Tienda <init>
INFO: Se creó una nueva instancia
mar. 08, 2024 4:20:09 P. M. inventario.model.Tienda <init>
INFO: Se creó una nueva instancia
